<?xml version="1.0" encoding="UTF-8"?>
<testsuite xmlns:xsi="http://www.w3.org/2001/XMLSchema-instance" xsi:noNamespaceSchemaLocation="https://maven.apache.org/surefire/maven-surefire-plugin/xsd/surefire-test-report-3.0.xsd" version="3.0" name="io.javabrains.juint_5_basics.MathUtilsTest" time="0.052" tests="3" errors="0" skipped="0" failures="0">
  <properties>
[...]
</properties>
  <testcase name="testComputeCircleAreaTest" classname="io.javabrains.juint_5_basics.MathUtilsTest" time="0.022"/>
  <testcase name="testAdd" classname="io.javabrains.juint_5_basics.MathUtilsTest" time="0.001"/>
  <testcase name="testDivide" classname="io.javabrains.juint_5_basics.MathUtilsTest" time="0.003"/>
</testsuite>